Lab_1/app/build/intermediates/manifest_merge_blame_file/debug/manifest-merger-blame-debug-report.txt
1<?xml version="1.0" encoding="utf-8"?>
2<manifest xmlns:android="http://schemas.android.com/apk/res/android"
3    package="com.company.shapes"
4    android:versionCode="1"
5    android:versionName="1.0" >
6
7    <uses-sdk
8        android:minSdkVersion="21"
9        android:targetSdkVersion="33" />
10
11    <application
11-->src\main\AndroidManifest.xml:4:5-18:19
12        android:allowBackup="true"
12-->src\main\AndroidManifest.xml:5:9-35
13        android:appComponentFactory="androidx.core.app.CoreComponentFactory"
13-->[androidx.core:core:1.0.0] AndroidManifest.xml:22:18-86
14        android:debuggable="true"
15        android:extractNativeLibs="true"
16        android:icon="@mipmap/ic_launcher"
16-->src\main\AndroidManifest.xml:6:9-43
17        android:label="@string/app_name"
17-->src\main\AndroidManifest.xml:7:9-41
18        android:supportsRtl="true"
18-->src\main\AndroidManifest.xml:8:9-35
19        android:theme="@style/AppTheme" >
19-->src\main\AndroidManifest.xml:9:9-40
20        <activity
20-->src\main\AndroidManifest.xml:10:9-17:20
21            android:name="com.company.shapes.ui.MainActivity"
21-->src\main\AndroidManifest.xml:10:19-68
22            android:exported="true" >
22-->src\main\AndroidManifest.xml:11:13-36
23            <intent-filter>
23-->src\main\AndroidManifest.xml:12:13-16:29
24                <action android:name="android.intent.action.MAIN" />
24-->src\main\AndroidManifest.xml:13:17-69
24-->src\main\AndroidManifest.xml:13:25-66
25
26                <category android:name="android.intent.category.LAUNCHER" />
26-->src\main\AndroidManifest.xml:15:17-77
26-->src\main\AndroidManifest.xml:15:27-74
27            </intent-filter>
28        </activity>
29    </application>
30
31</manifest>